2020-11-02 22:08:15,325 [INFO] Activator:178 - 


2020-11-02 22:08:15,340 [INFO] Activator:179 - !SESSION log4j initialized
2020-11-02 22:09:13,204 [INFO] Activator:178 - 


2020-11-02 22:09:13,204 [INFO] Activator:179 - !SESSION log4j initialized
2020-11-02 22:12:13,258 [INFO] ApplicationProperties:181 - Using Application install path: C:\ST\STM32CubeIDE_1.4.0\STM32CubeIDE\plugins\com.st.stm32cube.common.mx_6.0.0.202007160824
2020-11-02 22:12:13,289 [INFO] DbMcusXml:70 - Set database path to: C:\ST\STM32CubeIDE_1.4.0\STM32CubeIDE\plugins\com.st.stm32cube.common.mx_6.0.0.202007160824\\db\/mcu/
2020-11-02 22:12:13,289 [INFO] DbBoardsPdsc:56 - Set plugin database path to: C:\ST\STM32CubeIDE_1.4.0\STM32CubeIDE\plugins\com.st.stm32cube.common.mx_6.0.0.202007160824\\db\/plugins/boardmanager/
2020-11-02 22:12:13,289 [INFO] DbMcus:258 - Set plugin images path to: C:\ST\STM32CubeIDE_1.4.0\STM32CubeIDE\plugins\com.st.stm32cube.common.mx_6.0.0.202007160824\\db\/plugins/mcufinder/images/
2020-11-02 22:12:13,289 [INFO] DbBoards:264 - Set plugin images path to: C:\ST\STM32CubeIDE_1.4.0\STM32CubeIDE\plugins\com.st.stm32cube.common.mx_6.0.0.202007160824\\db\/plugins/mcufinder/images/
2020-11-02 22:12:13,305 [INFO] DbExamples:326 - Set plugin images path to: C:\ST\STM32CubeIDE_1.4.0\STM32CubeIDE\plugins\com.st.stm32cube.common.mx_6.0.0.202007160824\\db\/plugins/mcufinder/images/
2020-11-02 22:12:13,320 [INFO] DbMcusDocs:112 - Set database path to: C:\Users\baseo\.stmcufinder\plugins\mcufinder//mcu/
2020-11-02 22:12:13,320 [INFO] DbMcusJson:63 - Set database path to: C:\Users\baseo\.stmcufinder\plugins\mcufinder//mcu/
2020-11-02 22:12:13,320 [INFO] DbBoardsDocs:112 - Set database path to: C:\Users\baseo\.stmcufinder\plugins\mcufinder//mcu/
2020-11-02 22:12:13,336 [INFO] DbBoardsJson:56 - Set database path to: C:\Users\baseo\.stmcufinder\plugins\mcufinder//mcu/
2020-11-02 22:12:13,352 [INFO] CrossReferenceDbSqlite:196 - Set database path to: C:\Users\baseo\.stmcufinder\plugins\mcufinder//mcu/cs/
2020-11-02 22:12:13,352 [INFO] DbExamplesSqlite:800 - Set database path to: C:\Users\baseo\.stmcufinder\plugins\mcufinder//mcu/
2020-11-02 22:12:13,648 [INFO] RulesReader:52 - Compatibility file has been processed (209 Rules)
2020-11-02 22:12:14,008 [INFO] MicroXplorer:564 - Detected Java Version = 1.8.0_252
2020-11-02 22:12:14,008 [INFO] DbMcusXml:70 - Set database path to: C:\ST\STM32CubeIDE_1.4.0\STM32CubeIDE\plugins\com.st.stm32cube.common.mx_6.0.0.202007160824\\db\/mcu/
2020-11-02 22:12:14,008 [INFO] DbBoardsPdsc:56 - Set plugin database path to: C:\ST\STM32CubeIDE_1.4.0\STM32CubeIDE\plugins\com.st.stm32cube.common.mx_6.0.0.202007160824\\db\/plugins/boardmanager/
2020-11-02 22:12:14,008 [INFO] DbMcus:258 - Set plugin images path to: C:\ST\STM32CubeIDE_1.4.0\STM32CubeIDE\plugins\com.st.stm32cube.common.mx_6.0.0.202007160824\\db\/plugins/mcufinder/images/
2020-11-02 22:12:14,008 [INFO] DbBoards:264 - Set plugin images path to: C:\ST\STM32CubeIDE_1.4.0\STM32CubeIDE\plugins\com.st.stm32cube.common.mx_6.0.0.202007160824\\db\/plugins/mcufinder/images/
2020-11-02 22:12:14,008 [INFO] DbExamples:326 - Set plugin images path to: C:\ST\STM32CubeIDE_1.4.0\STM32CubeIDE\plugins\com.st.stm32cube.common.mx_6.0.0.202007160824\\db\/plugins/mcufinder/images/
2020-11-02 22:12:14,008 [WARN] DbFile:36 - Overriding database path with different value: C:\Users\baseo\.stmcufinder\plugins\mcufinder/ => C:\Users\baseo\.stmcufinder\plugins\mcufinder
2020-11-02 22:12:14,008 [INFO] DbMcusDocs:112 - Set database path to: C:\Users\baseo\.stmcufinder\plugins\mcufinder//mcu/
2020-11-02 22:12:14,008 [WARN] DbFile:36 - Overriding database path with different value: C:\Users\baseo\.stmcufinder\plugins\mcufinder/ => C:\Users\baseo\.stmcufinder\plugins\mcufinder
2020-11-02 22:12:14,008 [INFO] DbMcusJson:63 - Set database path to: C:\Users\baseo\.stmcufinder\plugins\mcufinder//mcu/
2020-11-02 22:12:14,008 [WARN] DbFile:36 - Overriding database path with different value: C:\Users\baseo\.stmcufinder\plugins\mcufinder/ => C:\Users\baseo\.stmcufinder\plugins\mcufinder
2020-11-02 22:12:14,008 [INFO] DbBoardsDocs:112 - Set database path to: C:\Users\baseo\.stmcufinder\plugins\mcufinder//mcu/
2020-11-02 22:12:14,008 [WARN] DbFile:36 - Overriding database path with different value: C:\Users\baseo\.stmcufinder\plugins\mcufinder/ => C:\Users\baseo\.stmcufinder\plugins\mcufinder
2020-11-02 22:12:14,008 [INFO] DbBoardsJson:56 - Set database path to: C:\Users\baseo\.stmcufinder\plugins\mcufinder//mcu/
2020-11-02 22:12:14,008 [WARN] DbFile:36 - Overriding database path with different value: C:\Users\baseo\.stmcufinder\plugins\mcufinder/ => C:\Users\baseo\.stmcufinder\plugins\mcufinder
2020-11-02 22:12:14,008 [WARN] DbFile:36 - Overriding database path with different value: C:\Users\baseo\.stmcufinder\plugins\mcufinder/ => C:\Users\baseo\.stmcufinder\plugins\mcufinder
2020-11-02 22:12:14,008 [INFO] CrossReferenceDbSqlite:196 - Set database path to: C:\Users\baseo\.stmcufinder\plugins\mcufinder//mcu/cs/
2020-11-02 22:12:14,008 [WARN] DbFile:36 - Overriding database path with different value: C:\Users\baseo\.stmcufinder\plugins\mcufinder/ => C:\Users\baseo\.stmcufinder\plugins\mcufinder
2020-11-02 22:12:14,008 [INFO] DbExamplesSqlite:800 - Set database path to: C:\Users\baseo\.stmcufinder\plugins\mcufinder//mcu/
2020-11-02 22:12:14,227 [INFO] MainPanel:189 - HeapMemory: 367001600
2020-11-02 22:12:14,414 [INFO] DbMcusXml:70 - Set database path to: C:\ST\STM32CubeIDE_1.4.0\STM32CubeIDE\plugins\com.st.stm32cube.common.mx_6.0.0.202007160824\\db\/mcu/
2020-11-02 22:12:14,414 [INFO] DbBoardsPdsc:56 - Set plugin database path to: C:\ST\STM32CubeIDE_1.4.0\STM32CubeIDE\plugins\com.st.stm32cube.common.mx_6.0.0.202007160824\\db\/plugins/boardmanager/
2020-11-02 22:12:14,414 [INFO] DbMcus:258 - Set plugin images path to: C:\ST\STM32CubeIDE_1.4.0\STM32CubeIDE\plugins\com.st.stm32cube.common.mx_6.0.0.202007160824\\db\/plugins/mcufinder/images/
2020-11-02 22:12:14,414 [INFO] DbBoards:264 - Set plugin images path to: C:\ST\STM32CubeIDE_1.4.0\STM32CubeIDE\plugins\com.st.stm32cube.common.mx_6.0.0.202007160824\\db\/plugins/mcufinder/images/
2020-11-02 22:12:14,414 [INFO] DbExamples:326 - Set plugin images path to: C:\ST\STM32CubeIDE_1.4.0\STM32CubeIDE\plugins\com.st.stm32cube.common.mx_6.0.0.202007160824\\db\/plugins/mcufinder/images/
2020-11-02 22:12:14,430 [WARN] DbFile:36 - Overriding database path with different value: C:\Users\baseo\.stmcufinder\plugins\mcufinder/ => C:\Users\baseo\.stmcufinder\plugins\mcufinder
2020-11-02 22:12:14,430 [INFO] DbMcusDocs:112 - Set database path to: C:\Users\baseo\.stmcufinder\plugins\mcufinder//mcu/
2020-11-02 22:12:14,430 [WARN] DbFile:36 - Overriding database path with different value: C:\Users\baseo\.stmcufinder\plugins\mcufinder/ => C:\Users\baseo\.stmcufinder\plugins\mcufinder
2020-11-02 22:12:14,430 [INFO] DbMcusJson:63 - Set database path to: C:\Users\baseo\.stmcufinder\plugins\mcufinder//mcu/
2020-11-02 22:12:14,430 [WARN] DbFile:36 - Overriding database path with different value: C:\Users\baseo\.stmcufinder\plugins\mcufinder/ => C:\Users\baseo\.stmcufinder\plugins\mcufinder
2020-11-02 22:12:14,430 [INFO] DbBoardsDocs:112 - Set database path to: C:\Users\baseo\.stmcufinder\plugins\mcufinder//mcu/
2020-11-02 22:12:14,430 [WARN] DbFile:36 - Overriding database path with different value: C:\Users\baseo\.stmcufinder\plugins\mcufinder/ => C:\Users\baseo\.stmcufinder\plugins\mcufinder
2020-11-02 22:12:14,430 [INFO] DbBoardsJson:56 - Set database path to: C:\Users\baseo\.stmcufinder\plugins\mcufinder//mcu/
2020-11-02 22:12:14,430 [WARN] DbFile:36 - Overriding database path with different value: C:\Users\baseo\.stmcufinder\plugins\mcufinder/ => C:\Users\baseo\.stmcufinder\plugins\mcufinder
2020-11-02 22:12:14,430 [WARN] DbFile:36 - Overriding database path with different value: C:\Users\baseo\.stmcufinder\plugins\mcufinder/ => C:\Users\baseo\.stmcufinder\plugins\mcufinder
2020-11-02 22:12:14,430 [INFO] CrossReferenceDbSqlite:196 - Set database path to: C:\Users\baseo\.stmcufinder\plugins\mcufinder//mcu/cs/
2020-11-02 22:12:14,430 [WARN] DbFile:36 - Overriding database path with different value: C:\Users\baseo\.stmcufinder\plugins\mcufinder/ => C:\Users\baseo\.stmcufinder\plugins\mcufinder
2020-11-02 22:12:14,430 [INFO] DbExamplesSqlite:800 - Set database path to: C:\Users\baseo\.stmcufinder\plugins\mcufinder//mcu/
2020-11-02 22:12:14,477 [INFO] ApplicationProperties:181 - Using Application install path: C:\ST\STM32CubeIDE_1.4.0\STM32CubeIDE\plugins\com.st.stm32cube.common.mx_6.0.0.202007160824
2020-11-02 22:12:14,477 [INFO] PluginManage:178 - Search for loadable plugins [exclusion list=, ]
2020-11-02 22:12:14,477 [INFO] PluginManage:292 - Check plugin analytics
2020-11-02 22:12:14,961 [INFO] AnalyticsPlugin:203 - Accepted Software Licenses: 
2020-11-02 22:12:14,961 [INFO] AnalyticsPlugin:205 - Accepted CMSIS Pack Licenses: 
2020-11-02 22:12:14,961 [INFO] AnalyticsPlugin:207 - Accepted Firmware Licenses: 
2020-11-02 22:12:14,961 [INFO] PluginManage:342 - Loaded plugin analytics (category:tool,tabindex:-1)
2020-11-02 22:12:14,961 [INFO] PluginManage:292 - Check plugin clock
2020-11-02 22:12:15,039 [INFO] PluginManage:342 - Loaded plugin clock (category:base,tabindex:2)
2020-11-02 22:12:15,039 [INFO] PluginManage:292 - Check plugin ddr
2020-11-02 22:12:15,039 [INFO] PluginManage:342 - Loaded plugin ddr (category:tool,tabindex:6)
2020-11-02 22:12:15,039 [INFO] PluginManage:292 - Check plugin filemanager
2020-11-02 22:12:15,352 [INFO] PluginManage:342 - Loaded plugin filemanager (category:base,tabindex:10)
2020-11-02 22:12:15,352 [INFO] PluginManage:292 - Check plugin ipmanager
2020-11-02 22:12:15,398 [INFO] PluginManage:342 - Loaded plugin ipmanager (category:base,tabindex:5)
2020-11-02 22:12:15,398 [INFO] PluginManage:292 - Check plugin pinoutandconfiguration
2020-11-02 22:12:15,445 [INFO] PluginManage:342 - Loaded plugin pinoutandconfiguration (category:base,tabindex:1)
2020-11-02 22:12:15,445 [INFO] PluginManage:292 - Check plugin pinoutconfig
2020-11-02 22:12:15,570 [INFO] PluginManage:342 - Loaded plugin pinoutconfig (category:base,tabindex:0)
2020-11-02 22:12:15,570 [INFO] PluginManage:292 - Check plugin power
2020-11-02 22:12:15,617 [INFO] PluginManage:342 - Loaded plugin power (category:power,tabindex:4)
2020-11-02 22:12:15,617 [INFO] PluginManage:292 - Check plugin projectmanager
2020-11-02 22:12:15,664 [INFO] PluginManage:342 - Loaded plugin projectmanager (category:projectmanager,tabindex:3)
2020-11-02 22:12:15,664 [INFO] PluginManage:292 - Check plugin thirdparty
2020-11-02 22:12:15,898 [INFO] ThirdPartyDb:333 - Open Third Party DataBase File (C:/Users/baseo/.stm32cubemx/plugins/thirdparty/db/thirdparties_db.xml) : 78 ms. number of Sw pack : 23
2020-11-02 22:12:15,914 [INFO] PluginManage:342 - Loaded plugin thirdparty (category:base,tabindex:-1)
2020-11-02 22:12:15,914 [INFO] PluginManage:292 - Check plugin tools
2020-11-02 22:12:16,023 [INFO] PluginManage:342 - Loaded plugin tools (category:base,tabindex:7)
2020-11-02 22:12:16,023 [INFO] PluginManage:292 - Check plugin tutovideos
2020-11-02 22:12:16,570 [INFO] PluginManage:342 - Loaded plugin tutovideos (category:base,tabindex:-1)
2020-11-02 22:12:16,586 [INFO] PluginManage:292 - Check plugin updater
2020-11-02 22:12:16,633 [INFO] PluginManage:342 - Loaded plugin updater (category:base,tabindex:12)
2020-11-02 22:12:16,633 [INFO] PluginManage:265 - PluginManage : Loaded plugins [13]
2020-11-02 22:12:17,305 [INFO] PinOutPanel:1418 - setPackage(No Configuration,No Configuration)
2020-11-02 22:12:17,695 [INFO] IPUIPlugin:64 - create IPUIPlugin
2020-11-02 22:12:17,695 [INFO] PluginManager:200 - loadIPPluginJar : add adc
2020-11-02 22:12:17,773 [INFO] IPUIPlugin:64 - create IPUIPlugin
2020-11-02 22:12:17,773 [INFO] PluginManager:200 - loadIPPluginJar : add aes
2020-11-02 22:12:17,852 [INFO] IPUIPlugin:64 - create IPUIPlugin
2020-11-02 22:12:17,852 [INFO] PluginManager:200 - loadIPPluginJar : add can
2020-11-02 22:12:17,914 [INFO] IPUIPlugin:64 - create IPUIPlugin
2020-11-02 22:12:17,914 [INFO] PluginManager:200 - loadIPPluginJar : add comp
2020-11-02 22:12:17,977 [INFO] IPUIPlugin:64 - create IPUIPlugin
2020-11-02 22:12:17,977 [INFO] PluginManager:200 - loadIPPluginJar : add cryp
2020-11-02 22:12:18,039 [INFO] IPUIPlugin:64 - create IPUIPlugin
2020-11-02 22:12:18,039 [INFO] PluginManager:200 - loadIPPluginJar : add dfsdm
2020-11-02 22:12:18,070 [INFO] IPUIPlugin:64 - create IPUIPlugin
2020-11-02 22:12:18,070 [INFO] PluginManager:200 - loadIPPluginJar : add dma
2020-11-02 22:12:18,117 [INFO] IPUIPlugin:64 - create IPUIPlugin
2020-11-02 22:12:18,117 [INFO] PluginManager:200 - loadIPPluginJar : add fatfs
2020-11-02 22:12:18,227 [INFO] IPUIPlugin:64 - create IPUIPlugin
2020-11-02 22:12:18,227 [INFO] PluginManager:200 - loadIPPluginJar : add fmc
2020-11-02 22:12:18,258 [INFO] IPUIPlugin:64 - create IPUIPlugin
2020-11-02 22:12:18,258 [INFO] PluginManager:200 - loadIPPluginJar : add freertos
2020-11-02 22:12:18,305 [INFO] IPUIPlugin:64 - create IPUIPlugin
2020-11-02 22:12:18,305 [INFO] PluginManager:200 - loadIPPluginJar : add genericplugin
2020-11-02 22:12:18,477 [INFO] IPUIPlugin:64 - create IPUIPlugin
2020-11-02 22:12:18,477 [INFO] PluginManager:200 - loadIPPluginJar : add gfxmmu
2020-11-02 22:12:18,727 [INFO] IPUIPlugin:64 - create IPUIPlugin
2020-11-02 22:12:18,727 [INFO] PluginManager:200 - loadIPPluginJar : add gic
2020-11-02 22:12:18,758 [INFO] IPUIPlugin:64 - create IPUIPlugin
2020-11-02 22:12:18,758 [INFO] PluginManager:200 - loadIPPluginJar : add gpio
2020-11-02 22:12:18,883 [INFO] IPUIPlugin:64 - create IPUIPlugin
2020-11-02 22:12:18,883 [INFO] PluginManager:200 - loadIPPluginJar : add gtzc
2020-11-02 22:12:18,945 [INFO] IPUIPlugin:64 - create IPUIPlugin
2020-11-02 22:12:18,945 [INFO] PluginManager:200 - loadIPPluginJar : add hash
2020-11-02 22:12:19,055 [INFO] IPUIPlugin:64 - create IPUIPlugin
2020-11-02 22:12:19,055 [INFO] PluginManager:200 - loadIPPluginJar : add i2c
2020-11-02 22:12:19,148 [INFO] IPUIPlugin:64 - create IPUIPlugin
2020-11-02 22:12:19,148 [INFO] PluginManager:200 - loadIPPluginJar : add i2s
2020-11-02 22:12:19,164 [INFO] IPUIPlugin:64 - create IPUIPlugin
2020-11-02 22:12:19,164 [INFO] PluginManager:200 - loadIPPluginJar : add ipddr
2020-11-02 22:12:19,242 [INFO] IPUIPlugin:64 - create IPUIPlugin
2020-11-02 22:12:19,242 [INFO] PluginManager:200 - loadIPPluginJar : add ltdc
2020-11-02 22:12:19,273 [INFO] IPUIPlugin:64 - create IPUIPlugin
2020-11-02 22:12:19,273 [INFO] PluginManager:200 - loadIPPluginJar : add mdma
2020-11-02 22:12:19,305 [INFO] IPUIPlugin:64 - create IPUIPlugin
2020-11-02 22:12:19,305 [INFO] PluginManager:200 - loadIPPluginJar : add nvic
2020-11-02 22:12:19,383 [INFO] IPUIPlugin:64 - create IPUIPlugin
2020-11-02 22:12:19,383 [INFO] PluginManager:200 - loadIPPluginJar : add opamp
2020-11-02 22:12:19,508 [INFO] IPUIPlugin:64 - create IPUIPlugin
2020-11-02 22:12:19,508 [INFO] PluginManager:200 - loadIPPluginJar : add openamp
2020-11-02 22:12:19,602 [INFO] IPUIPlugin:64 - create IPUIPlugin
2020-11-02 22:12:19,602 [INFO] PluginManager:200 - loadIPPluginJar : add pdm2pcm
2020-11-02 22:12:19,633 [INFO] IPUIPlugin:64 - create IPUIPlugin
2020-11-02 22:12:19,648 [INFO] PluginManager:200 - loadIPPluginJar : add plateformsettings
2020-11-02 22:12:19,695 [INFO] IPUIPlugin:64 - create IPUIPlugin
2020-11-02 22:12:19,695 [INFO] PluginManager:200 - loadIPPluginJar : add quadspi
2020-11-02 22:12:19,727 [INFO] IPUIPlugin:64 - create IPUIPlugin
2020-11-02 22:12:19,727 [INFO] PluginManager:200 - loadIPPluginJar : add resmgrutility
2020-11-02 22:12:19,836 [INFO] IPUIPlugin:64 - create IPUIPlugin
2020-11-02 22:12:19,836 [INFO] PluginManager:200 - loadIPPluginJar : add sai
2020-11-02 22:12:19,914 [INFO] IPUIPlugin:64 - create IPUIPlugin
2020-11-02 22:12:19,914 [INFO] PluginManager:200 - loadIPPluginJar : add spi
2020-11-02 22:12:20,023 [INFO] IPUIPlugin:64 - create IPUIPlugin
2020-11-02 22:12:20,023 [INFO] PluginManager:200 - loadIPPluginJar : add stm32_wpan
2020-11-02 22:12:20,070 [INFO] IPUIPlugin:64 - create IPUIPlugin
2020-11-02 22:12:20,070 [INFO] PluginManager:200 - loadIPPluginJar : add tim
2020-11-02 22:12:20,195 [INFO] IPUIPlugin:64 - create IPUIPlugin
2020-11-02 22:12:20,195 [INFO] PluginManager:200 - loadIPPluginJar : add touchsensing
2020-11-02 22:12:20,242 [INFO] IPUIPlugin:64 - create IPUIPlugin
2020-11-02 22:12:20,242 [INFO] PluginManager:200 - loadIPPluginJar : add tracer_emb
2020-11-02 22:12:20,305 [INFO] IPUIPlugin:64 - create IPUIPlugin
2020-11-02 22:12:20,305 [INFO] PluginManager:200 - loadIPPluginJar : add ts
2020-11-02 22:12:20,367 [INFO] IPUIPlugin:64 - create IPUIPlugin
2020-11-02 22:12:20,367 [INFO] PluginManager:200 - loadIPPluginJar : add tsc
2020-11-02 22:12:20,414 [INFO] IPUIPlugin:64 - create IPUIPlugin
2020-11-02 22:12:20,414 [INFO] PluginManager:200 - loadIPPluginJar : add ucpd
2020-11-02 22:12:20,508 [INFO] IPUIPlugin:64 - create IPUIPlugin
2020-11-02 22:12:20,508 [INFO] PluginManager:200 - loadIPPluginJar : add usart
2020-11-02 22:12:21,758 [INFO] CubeProgrammer:457 - [DDR PANEL] - PathOfProgrammer: null
2020-11-02 22:12:23,724 [FATAL] Updater:282 - Updater called before beeing initialized
2020-11-02 22:12:24,364 [FATAL] Updater:282 - Updater called before beeing initialized
2020-11-02 22:12:24,364 [WARN] ThirdParty:775 - waiting for thirdparty lock release [close project]
2020-11-02 22:12:24,364 [INFO] ThirdParty:777 - entering critical section [close project]
2020-11-02 22:12:24,364 [INFO] ThirdParty:790 - exiting critical section [close project]
2020-11-02 22:12:24,380 [INFO] PinOutPanel:1418 - setPackage(No Configuration,No Configuration)
2020-11-02 22:12:24,380 [FATAL] Updater:282 - Updater called before beeing initialized
2020-11-02 22:12:24,395 [ERROR] Updater:967 - MainUpdater not yet initialized. External WinMGr cannot be set.
2020-11-02 22:12:24,411 [INFO] CubeProgrammer:457 - [DDR PANEL] - PathOfProgrammer: C:\ST\STM32CubeIDE_1.4.0\STM32CubeIDE\plugins\com.st.stm32cube.ide.mcu.externaltools.cubeprogrammer.win32_1.4.0.202007081208\tools\bin
2020-11-02 22:12:24,411 [INFO] ProgrammerExecThread:148 - [ProgrammerAPI] CubeProgrammer command construction: C:\ST\STM32CubeIDE_1.4.0\STM32CubeIDE\plugins\com.st.stm32cube.ide.mcu.externaltools.cubeprogrammer.win32_1.4.0.202007081208\tools\bin\STM32_Programmer_CLI.exe -l
2020-11-02 22:12:25,192 [INFO] MainDdrPanel:49 - [DDR PANEL] SETTER - Set cubeProgrammerPath to: C:\ST\STM32CubeIDE_1.4.0\STM32CubeIDE\plugins\com.st.stm32cube.ide.mcu.externaltools.cubeprogrammer.win32_1.4.0.202007081208\tools\bin
2020-11-02 22:12:25,427 [INFO] Updater:904 - Updater Version found : 6.0.0
2020-11-02 22:12:25,474 [INFO] ApplicationProperties:181 - Using Application install path: C:\ST\STM32CubeIDE_1.4.0\STM32CubeIDE\plugins\com.st.stm32cube.common.mx_6.0.0.202007160824
2020-11-02 22:12:25,864 [INFO] MainUpdater:2268 - connection check result : 10
2020-11-02 22:12:25,864 [INFO] MainUpdater:239 - Updater Check For Update Now.
2020-11-02 22:12:25,864 [INFO] MicroXplorer:414 - Change Database Version : DB.6.0.0
2020-11-02 22:12:26,052 [INFO] CheckServerUpdateThread:102 - End of CheckServer Thread
2020-11-02 22:12:26,130 [INFO] MainUpdater:2268 - connection check result : 10
2020-11-02 22:12:27,161 [INFO] McuFinderGlobals:40 - Set McuFinder mode to 2 (CubeIDE integrated)
2020-11-02 22:12:27,989 [WARN] IntegrityCheckThread:61 - waiting for thirdparty lock release [integrity check]
2020-11-02 22:12:27,989 [INFO] IntegrityCheckThread:63 - entering critical section [integrity check]
2020-11-02 22:12:28,145 [INFO] ThirdPartyDb:299 - Save Third Party DataBase File (C:/Users/baseo/.stm32cubemx/plugins/thirdparty/db/thirdparties_db.xml) [forced]
2020-11-02 22:12:28,224 [INFO] ThirdPartyDb:299 - Save Third Party DataBase File (C:/Users/baseo/.stm32cubemx/plugins/thirdparty/db/thirdparties_db.xml) [forced]
2020-11-02 22:12:28,302 [INFO] IntegrityCheckThread:76 - exiting critical section [integrity check]
2020-11-02 22:12:28,302 [INFO] IntegrityCheckThread:79 - End integrity checks thread
2020-11-02 22:12:29,849 [INFO] CrossSelectorPresenter:1330 - Cross Selector saved comparison directory: C:\Users\baseo\.stmcufinder\plugins\mcufinder\mcu\cs_comparisons_mx
2020-11-02 22:12:29,864 [INFO] MultiScanPanel:193 - Auto-refresh data requested => check proxy status ongoing
2020-11-02 22:12:29,864 [INFO] FinderPluginLoader:87 - Searching for filters in installed packs
2020-11-02 22:12:29,864 [INFO] DbMcusXml:100 - Load MCU database from C:\ST\STM32CubeIDE_1.4.0\STM32CubeIDE\plugins\com.st.stm32cube.common.mx_6.0.0.202007160824\\db\/mcu/families.xml
2020-11-02 22:12:32,458 [INFO] DbMcusJson:92 - JSON generation date=Wed Oct 28 13:12:07 MSK 2020 (1603879927)
2020-11-02 22:12:34,786 [INFO] DbMcus:175 - Found 1761 MCUs (1722 are supported by CubeMX, 1738 are visible in CubeMX)
2020-11-02 22:12:34,817 [INFO] ApiDb:201 - Load user favorites file C:\Users\baseo/.stm32cubeide/favorites.mcus.txt: 0 item(s)
2020-11-02 22:12:34,817 [INFO] ApiDb:205 - User favorites MCUs=[]
2020-11-02 22:12:34,817 [INFO] DbMcus:187 - Set 0 / 0 favorites MCUs
2020-11-02 22:12:36,724 [INFO] LoadUrlFilesThread:162 - End of LoadServerUrlFiles without Thread
2020-11-02 22:12:36,833 [INFO] DetailPanel:331 - Set advertising image to C:/Users/baseo/STM32Cube/Repository/\stm32cubemx-promo_image.jpg
2020-11-02 22:12:38,630 [INFO] McuFilterPanel:245 - Update 0 favorites MCUs
2020-11-02 22:12:39,036 [INFO] DbBoardsPdsc:94 - Found 23 items
2020-11-02 22:12:39,052 [INFO] DbBoardsPdsc:94 - Found 9 items
2020-11-02 22:12:39,099 [INFO] DbBoardsPdsc:94 - Found 29 items
2020-11-02 22:12:39,114 [INFO] DbBoardsPdsc:94 - Found 1 items
2020-11-02 22:12:39,161 [INFO] DbBoardsPdsc:94 - Found 44 items
2020-11-02 22:12:39,208 [INFO] DbBoardsPdsc:94 - Found 40 items
2020-11-02 22:12:39,224 [INFO] DbBoardsPdsc:94 - Found 2 items
2020-11-02 22:12:39,255 [INFO] DbBoardsPdsc:94 - Found 4 items
2020-11-02 22:12:39,270 [WARN] DbBoardsPdsc:258 - Board STM32H7B3I-DK: unknown feature type=Audio, name=, username=Audio stereo codec with Headphone Amp (CS42L51-CNZ), n=1
2020-11-02 22:12:39,270 [WARN] DbBoardsPdsc:258 - Board STM32H735G-DK: unknown feature type=Audio, name=, username=Audio stereo codec with Headphone Amp (WM8994ECS/R), n=1
2020-11-02 22:12:39,286 [WARN] DbBoardsPdsc:258 - Board STM32H7B3I-EVAL: unknown feature type=Audio, name=, username=Multi-Channel Audio Codec (CS42L51-CNZ), n=1
2020-11-02 22:12:39,286 [WARN] DbBoardsPdsc:258 - Board STM32H7B3I-EVAL: unknown feature type=Meter, name=, username=Power-metering and Temperature-monitoring with sigma-delta modulators, n=1
2020-11-02 22:12:39,286 [WARN] DbBoardsPdsc:258 - Board STM32H7B3I-EVAL: unknown feature type=Motor, name=, username=Motor Control, n=1
2020-11-02 22:12:39,364 [INFO] DbBoardsJson:85 - JSON generation date=Mon Sep 28 16:22:09 MSK 2020 (1601299329)
2020-11-02 22:12:39,380 [INFO] DbBoards:117 - Found 153 boards (149 are supported by CubeMX)
2020-11-02 22:12:39,427 [INFO] DbBoardsDocs:145 - JSON generation date=Wed Oct 28 13:12:07 MSK 2020 (1603879927)
2020-11-02 22:12:39,489 [INFO] DbBoardsDocs:81 - Found 190 boards documents
2020-11-02 22:12:39,489 [WARN] DbBoards:127 - board B-L462E-CELL1 has no document id list !
2020-11-02 22:12:39,489 [WARN] DbBoards:127 - board B-L475E-IOT01A2 has no document id list !
2020-11-02 22:12:39,489 [WARN] DbBoards:127 - board NUCLEO-G491RE has no document id list !
2020-11-02 22:12:39,489 [WARN] DbBoards:127 - board NUCLEO-H743ZI2 has no document id list !
2020-11-02 22:12:39,489 [WARN] DbBoards:127 - board NUCLEO-WB35CE has no document id list !
2020-11-02 22:12:39,489 [WARN] DbBoards:127 - board NUCLEO-WB55RG has no document id list !
2020-11-02 22:12:39,489 [WARN] DbBoards:127 - board P-NUCLEO-WB55-Nucleo has no document id list !
2020-11-02 22:12:39,489 [WARN] DbBoards:127 - board P-NUCLEO-WB55-USBDongle has no document id list !
2020-11-02 22:12:39,489 [WARN] DbBoards:127 - board STEVAL-BFA001V1B has no document id list !
2020-11-02 22:12:39,489 [WARN] DbBoards:127 - board STEVAL-BFA001V2B has no document id list !
2020-11-02 22:12:39,489 [WARN] DbBoards:127 - board STEVAL-IDP005V1 has no document id list !
2020-11-02 22:12:39,489 [WARN] DbBoards:127 - board STEVAL-IDP005V2 has no document id list !
2020-11-02 22:12:39,489 [WARN] DbBoards:127 - board STEVAL-MKSBOX1V1 has no document id list !
2020-11-02 22:12:39,489 [WARN] DbBoards:127 - board STEVAL-STWINKT1 has no document id list !
2020-11-02 22:12:39,505 [WARN] DbBoards:127 - board STM32F401C-DISCO has no document id list !
2020-11-02 22:12:39,505 [WARN] DbBoards:127 - board STM32F769I-DISC1 has no document id list !
2020-11-02 22:12:39,505 [WARN] DbBoards:127 - board STM32G474E-EVAL1 has no document id list !
2020-11-02 22:12:39,505 [WARN] DbBoards:127 - board STM32H743I-EVAL2 has no document id list !
2020-11-02 22:12:39,505 [WARN] DbBoards:127 - board STM32H747I-DISC1 has no document id list !
2020-11-02 22:12:39,505 [WARN] DbBoards:127 - board STM32H753I-EVAL2 has no document id list !
2020-11-02 22:12:39,505 [WARN] DbBoards:127 - board STM32L-DISCOVERY has no document id list !
2020-11-02 22:12:39,505 [WARN] DbBoards:127 - board STM32MP157A-DK1 has no document id list !
2020-11-02 22:12:39,505 [WARN] DbBoards:127 - board STM32MP157F-EV1 has no document id list !
2020-11-02 22:12:39,645 [ERROR] DbBoards:192 - No image file URL for board B-L462E-CELL1
2020-11-02 22:12:40,317 [ERROR] DbBoards:192 - No image file URL for board NUCLEO-WB35CE
2020-11-02 22:12:42,458 [INFO] ApiDb:201 - Load user favorites file C:\Users\baseo/.stm32cubeide/favorites.boards.txt: 1 item(s)
2020-11-02 22:12:42,458 [INFO] ApiDb:205 - User favorites Boards=[NUCLEO-F103RB]
2020-11-02 22:12:42,458 [INFO] DbBoards:206 - Set 1 / 1 favorites Boards
2020-11-02 22:13:12,458 [INFO] MultiScanPanel:193 - Auto-refresh data requested => check proxy status ongoing
2020-11-02 22:13:12,895 [INFO] LoadUrlFilesThread:162 - End of LoadServerUrlFiles without Thread
2020-11-02 22:13:12,895 [INFO] DetailPanel:331 - Set advertising image to C:/Users/baseo/STM32Cube/Repository/\stm32cubemx-promo_image.jpg
2020-11-02 22:13:13,005 [INFO] BoardFilterPanel:214 - Update 1 favorites Boards
2020-11-02 22:13:28,833 [INFO] LogOutputStream:76 - [STDOUT_REDIRECT] withoutVersionV1.8.3
2020-11-02 22:13:28,849 [INFO] LogOutputStream:76 - [STDOUT_REDIRECT] withoutVersionV1.8.2
2020-11-02 22:13:28,849 [INFO] LogOutputStream:76 - [STDOUT_REDIRECT] withoutVersionV1.8.1
2020-11-02 22:13:28,849 [INFO] LogOutputStream:76 - [STDOUT_REDIRECT] withoutVersionV1.8.0
2020-11-02 22:13:47,739 [INFO] MainUpdater:2268 - connection check result : 10
2020-11-02 22:13:47,739 [INFO] MainUpdater:2268 - connection check result : 10
2020-11-02 22:13:47,974 [INFO] MicroXplorer:384 - Change Database Path : 
2020-11-02 22:13:47,974 [INFO] MicroXplorer:414 - Change Database Version : DB.6.0.0
2020-11-02 22:13:47,974 [WARN] ThirdParty:775 - waiting for thirdparty lock release [close project]
2020-11-02 22:13:47,974 [INFO] ThirdParty:777 - entering critical section [close project]
2020-11-02 22:13:47,974 [INFO] ThirdParty:790 - exiting critical section [close project]
2020-11-02 22:13:47,989 [INFO] PinOutPanel:1418 - setPackage(No Configuration,No Configuration)
2020-11-02 22:13:47,989 [INFO] UtilMem:74 - Begin LoadConfig() Used Memory: 388056264 Bytes (701497344)
2020-11-02 22:13:48,005 [INFO] OpenFileManager:274 - Change cursor
2020-11-02 22:13:53,552 [INFO] Rule:211 - rule SPDIFRX instance for mcu is applicable
2020-11-02 22:13:53,552 [INFO] Rule:211 - rule Rename Tracer Mode is applicable
2020-11-02 22:13:53,552 [INFO] Rule:211 - rule SPDIFRX instance value for IP SPDIFRX is applicable
2020-11-02 22:13:53,552 [INFO] Rule:211 - rule SPDIFRX instance for signal is applicable
2020-11-02 22:13:53,552 [INFO] Rule:211 - rule SPDIFRX instance for project manager is applicable
2020-11-02 22:13:53,552 [INFO] Rule:211 - rule SPDIFRX instance for project manager is applicable
2020-11-02 22:13:53,552 [INFO] Rule:211 - rule ADC Scan  fix with FW F7 is applicable
2020-11-02 22:13:53,552 [INFO] Rule:211 - rule ADC Scan  fix with FW F7 is applicable
2020-11-02 22:13:53,567 [INFO] Rule:211 - rule UART/USART WORD LENGTH 7 is applicable
2020-11-02 22:13:53,567 [INFO] Rule:211 - rule UART/USART WORD LENGTH 8 is applicable
2020-11-02 22:13:53,567 [INFO] Rule:211 - rule UART/USART WORD LENGTH 9 is applicable
2020-11-02 22:13:53,567 [INFO] Rule:211 - rule ADC SamplingTime fix with FW L0  is applicable
2020-11-02 22:13:53,567 [INFO] Rule:211 - rule ADC SamplingTime fix with FW L0  is applicable
2020-11-02 22:13:53,567 [INFO] Rule:211 - rule ADC SamplingTime fix with FW L0 is applicable
2020-11-02 22:13:53,567 [INFO] Rule:211 - rule ADC SamplingTime fix with FW L0 is applicable
2020-11-02 22:13:53,567 [INFO] Rule:211 - rule ADC SamplingTime fix with FW L0  is applicable
2020-11-02 22:13:53,567 [INFO] Rule:211 - rule ADC SamplingTime fix with FW L0 is applicable
2020-11-02 22:13:53,567 [INFO] Rule:211 - rule Rename USB_OE Signal is applicable
2020-11-02 22:13:53,567 [INFO] Rule:211 - rule Rename Activate_OE Mode is applicable
2020-11-02 22:13:53,567 [INFO] Rule:211 - rule Rename DIE462/DIE415 pin PC14/OSC32_IN -> PC14-OSC32_IN (PC14) is applicable
2020-11-02 22:13:53,567 [INFO] Rule:211 - rule Rename DIE462/DIE415 pin PC15/OSC32_OUT -> PC15-OSC32_OUT (PC15) is applicable
2020-11-02 22:13:53,567 [INFO] Rule:211 - rule Rename DIE462/DIE415 pin PH0/OSC_IN -> PH0-OSC_IN (PH0) is applicable
2020-11-02 22:13:53,567 [INFO] Rule:211 - rule Rename DIE462/DIE415 pin PH1/OSC_OUT -> PH1-OSC_OUT (PH1) is applicable
2020-11-02 22:13:53,567 [INFO] Rule:211 - rule Rename DIE462 pin PA13 -> PA13 (JTMS/SWDIO) is applicable
2020-11-02 22:13:53,567 [INFO] Rule:211 - rule Rename DIE415 pin PA13 -> PA13 (JTMS/SWDIO) is applicable
2020-11-02 22:13:53,567 [INFO] Rule:211 - rule Rename DIE462 pin PA14 -> PA14 (JTCK/SWCLK) is applicable
2020-11-02 22:13:53,567 [INFO] Rule:211 - rule Rename DIE415 pin PA14 -> PA14 (JTCK/SWCLK) is applicable
2020-11-02 22:13:53,567 [INFO] Rule:211 - rule Rename DIE462/DIE415 pin PA15 -> PA15 (JTDI) is applicable
2020-11-02 22:13:53,567 [INFO] Rule:211 - rule Rename DIE462 pin PB3 -> PB3 (JTD0/TRACESWO) is applicable
2020-11-02 22:13:53,567 [INFO] Rule:211 - rule Rename DIE415 pin PB3 -> PB3 (JTD0-TRACESWO) is applicable
2020-11-02 22:13:53,567 [INFO] Rule:211 - rule Rename DIE462/DIE415 pin PB4 -> PB4 (NJTRST) is applicable
2020-11-02 22:13:53,567 [INFO] Rule:211 - rule Rename DIE462 pin PH3/BOOT0 -> PH3-BOOT0 (BOOT0) is applicable
2020-11-02 22:13:53,567 [INFO] Rule:211 - rule Rename CRYP DataEncryptionTypesList to Algorithm is applicable
2020-11-02 22:13:53,567 [INFO] Rule:211 - rule Rename AES DataEncryptionTypesList to Algorithm is applicable
2020-11-02 22:13:53,567 [INFO] Rule:211 - rule Rename TDESECB to CRYP_TDES_ECB is applicable
2020-11-02 22:13:53,567 [INFO] Rule:211 - rule Rename TDESCBC to CRYP_TDES_CBC is applicable
2020-11-02 22:13:53,567 [INFO] Rule:211 - rule Rename DESECB to CRYP_DES_ECB is applicable
2020-11-02 22:13:53,567 [INFO] Rule:211 - rule Rename DESCBC to CRYP_DES_CBC is applicable
2020-11-02 22:13:53,567 [INFO] Rule:211 - rule Rename AESECB to CRYP_AES_ECB is applicable
2020-11-02 22:13:53,567 [INFO] Rule:211 - rule Rename AESCBC to CRYP_AES_CBC is applicable
2020-11-02 22:13:53,567 [INFO] Rule:211 - rule Rename AESCTR to CRYP_AES_CTR is applicable
2020-11-02 22:13:53,567 [INFO] Rule:211 - rule Rename AESGCM to CRYP_AES_GCM is applicable
2020-11-02 22:13:53,567 [INFO] Rule:211 - rule Rename AESCCM to CRYP_AES_CCM is applicable
2020-11-02 22:13:53,567 [INFO] Rule:211 - rule Rename CAN TimeSeg1 to BS1 is applicable
2020-11-02 22:13:53,583 [INFO] Rule:211 - rule Rename CAN TimeSeg2 to BS2 is applicable
2020-11-02 22:13:53,583 [INFO] Rule:211 - rule Rename CAN SyncJumpWidth to SJW is applicable
2020-11-02 22:13:53,583 [INFO] Rule:211 - rule TimeTriggeredMode to TTCM is applicable
2020-11-02 22:13:53,583 [INFO] Rule:211 - rule Rename CAN AutoBusOff to ABOM is applicable
2020-11-02 22:13:53,583 [INFO] Rule:211 - rule Rename CAN AutoWakeUp to AWUM is applicable
2020-11-02 22:13:53,583 [INFO] Rule:211 - rule Rename CAN AutoRetransmission to NART is applicable
2020-11-02 22:13:53,583 [INFO] Rule:211 - rule Rename CAN ReceiveFifoLocked to RFLM is applicable
2020-11-02 22:13:53,583 [INFO] Rule:211 - rule Rename CAN TransmitFifoPriority to TXFP is applicable
2020-11-02 22:13:53,583 [INFO] Rule:211 - rule Rename HRTIMER HRTIM_OUTPUTFAULTLEVEL_HIGH in HRTIMER HRTIM_OUTPUTFAULTLEVEL_HIGHZ is applicable
2020-11-02 22:13:53,583 [INFO] Rule:211 - rule Rename TIMER TIM_CLEARINPUTSOURCE_OCREFCLR in  TIMER TIM_CLEARINPUTSOURCE_NONE for F7 family is applicable
2020-11-02 22:13:53,583 [INFO] Rule:211 - rule FDCAN_R1 - Rename FDCAN mode Master into Classic is applicable
2020-11-02 22:13:53,583 [INFO] Rule:211 - rule FDCAN_R2 - Rename FDCAN mode Slave into Classic is applicable
2020-11-02 22:13:53,583 [INFO] Rule:211 - rule FDCAN1_R3 - if PA10.Mode=FullDuplex, add Pin PA12 is applicable
2020-11-02 22:13:53,583 [INFO] Rule:211 - rule FDCAN1_R3 - if PA9.Mode=FullDuplex, add Pin PA11 is applicable
2020-11-02 22:13:53,583 [INFO] Rule:211 - rule FDCAN1_R3 - Alternatepin_1 - if PE1.Mode=FullDuplex, add Pin PB9 is applicable
2020-11-02 22:13:53,583 [INFO] Rule:211 - rule FDCAN1_R3 - Alternatepin_1 - if PE0.Mode=FullDuplex, add Pin PB8 is applicable
2020-11-02 22:13:53,583 [INFO] Rule:211 - rule FDCAN1_R3 - Alternatepin_2 - if PD5.Mode=FullDuplex, add Pin PD1 is applicable
2020-11-02 22:13:53,583 [INFO] Rule:211 - rule FDCAN1_R3 - Alternatepin_2 - if PD4.Mode=FullDuplex, add Pin PD0 is applicable
2020-11-02 22:13:53,583 [INFO] Rule:211 - rule FDCAN1_R4 - Rename Mode FullDuplex into Enable FDCAN_TXFD for pin PA10 is applicable
2020-11-02 22:13:53,583 [INFO] Rule:211 - rule FDCAN1_R4 - Rename Mode FullDuplex into Enable FDCAN_TXFD for pin PA9 is applicable
2020-11-02 22:13:53,583 [INFO] Rule:211 - rule FDCAN1_R4 - Alternatepin_1 - Rename Mode FullDuplex into Enable FDCAN_TXFD for pin PE1 is applicable
2020-11-02 22:13:53,583 [INFO] Rule:211 - rule FDCAN1_R4 - Alternatepin_1 - Rename Mode FullDuplex into Enable FDCAN_TXFD for pin PE0 is applicable
2020-11-02 22:13:53,583 [INFO] Rule:211 - rule FDCAN1_R4 - Alternatepin_2 - Rename Mode FullDuplex into Enable FDCAN_TXFD for pin PD5 is applicable
2020-11-02 22:13:53,583 [INFO] Rule:211 - rule FDCAN1_R4 - Alternatepin_2 - Rename Mode FullDuplex into Enable FDCAN_TXFD for pin PD4 is applicable
2020-11-02 22:13:53,583 [INFO] Rule:211 - rule FDCAN2_R3 - if PD10.Mode=FullDuplex, add Pin PB13 is applicable
2020-11-02 22:13:53,583 [INFO] Rule:211 - rule FDCAN2_R3 - if PD9.Mode=FullDuplex, add Pin PB12 is applicable
2020-11-02 22:13:53,583 [INFO] Rule:211 - rule FDCAN2_R3 - Alternatepin_1 - if PB7.Mode=FullDuplex, add Pin PB6 is applicable
2020-11-02 22:13:53,583 [INFO] Rule:211 - rule FDCAN2_R3 - Alternatepin_1 - if PD9.Mode=FullDuplex, add Pin PB12 is applicable
2020-11-02 22:13:53,583 [INFO] Rule:211 - rule FDCAN2_R4 - Rename Mode FullDuplex into Enable FDCAN_TXFD for pin PD10 is applicable
2020-11-02 22:13:53,583 [INFO] Rule:211 - rule FDCAN2_R4 - Rename Mode FullDuplex into Enable FDCAN_TXFD for pin PD9 is applicable
2020-11-02 22:13:53,583 [INFO] Rule:211 - rule FDCAN2_R4 - Alternatepin_1 - Rename Mode FullDuplex into Enable FDCAN_TXFD for pin PB7 is applicable
2020-11-02 22:13:53,583 [INFO] Rule:211 - rule FDCAN2_R4 - Alternatepin_1 - Rename Mode FullDuplex into Enable FDCAN_TXFD for pin PD6 is applicable
2020-11-02 22:13:53,583 [INFO] Rule:211 - rule USART TxPinLevelInvertParam Mode is applicable
2020-11-02 22:13:53,583 [INFO] Rule:211 - rule USART RxPinLevelInvertParam Mode is applicable
2020-11-02 22:13:53,583 [INFO] Rule:211 - rule USART DataInvertParam Mode is applicable
2020-11-02 22:13:53,583 [INFO] Rule:211 - rule USART SwapParam Mode is applicable
2020-11-02 22:13:53,583 [INFO] Rule:211 - rule USART OverrunDisableParam Mode is applicable
2020-11-02 22:13:53,583 [INFO] Rule:211 - rule USART DMADisableonRxErrorParam Mode is applicable
2020-11-02 22:13:53,583 [INFO] Rule:211 - rule USART MSBFirstParam Mode is applicable
2020-11-02 22:13:53,583 [INFO] Rule:211 - rule Update MwName for USB_DEVICE is applicable
2020-11-02 22:13:53,583 [INFO] Rule:211 - rule Change PWR_Regulator_Voltage_Scale Default Value for RCC  H7 family is applicable
2020-11-02 22:13:53,583 [INFO] Rule:211 - rule UART/USART IPParameter rename Prescaler parameter to ClockPrescaler is applicable
2020-11-02 22:13:53,583 [INFO] Rule:211 - rule UART/USART Prescaler rename Prescaler parameter to ClockPrescaler is applicable
2020-11-02 22:13:53,583 [INFO] Rule:211 - rule TIM1CLockSelection is applicable
2020-11-02 22:13:53,583 [INFO] Rule:211 - rule TIM15CLockSelection is applicable
2020-11-02 22:13:53,583 [INFO] Rule:211 - rule align RCC SDMMC3CLockSelection default value on MP1 is applicable
2020-11-02 22:13:53,583 [INFO] Rule:211 - rule align RCC SDMMC12CLockSelection default value on MP1 is applicable
2020-11-02 22:13:53,583 [INFO] Rule:211 - rule align RCC QSPICLockSelection default value on MP1 is applicable
2020-11-02 22:13:53,599 [INFO] Rule:211 - rule align RCC QSPICLockSelection default value on MP1 is applicable
2020-11-02 22:13:53,599 [INFO] Rule:211 - rule align RCC SPI6CLockSelection default value on MP1 is applicable
2020-11-02 22:13:53,599 [INFO] Rule:211 - rule align RCC LPTIM23CLockSelection default value on MP1 is applicable
2020-11-02 22:13:53,599 [INFO] Rule:211 - rule align RCC LPTIM1CLockSelection default value on MP1 is applicable
2020-11-02 22:13:53,599 [INFO] Rule:211 - rule align RCC USART1CLockSelection default value on MP1 is applicable
2020-11-02 22:13:53,599 [INFO] Rule:211 - rule align RCC USART24CLockSelection default value on MP1 is applicable
2020-11-02 22:13:53,599 [INFO] Rule:211 - rule align RCC USART6CLockSelection default value on MP1 is applicable
2020-11-02 22:13:53,599 [INFO] Rule:211 - rule align RCC UART78CLockSelection default value on MP1 is applicable
2020-11-02 22:13:53,599 [INFO] Rule:211 - rule align RCC USART35CLockSelection default value on MP1 is applicable
2020-11-02 22:13:53,599 [INFO] Rule:211 - rule align RCC SPI45CLockSelection default value on MP1 is applicable
2020-11-02 22:13:53,599 [INFO] Rule:211 - rule align RCC I2C46CLockSelection BCLK value on MP1 is applicable
2020-11-02 22:13:53,599 [INFO] Rule:211 - rule align RCC SPI45CLockSelection default value on MP1 is applicable
2020-11-02 22:13:53,599 [INFO] Rule:211 - rule align RCC I2C12CLockSelection default value on MP1 is applicable
2020-11-02 22:13:53,599 [INFO] Rule:211 - rule align RCC I2C35CLockSelection default value on MP1 is applicable
2020-11-02 22:13:53,599 [INFO] Rule:211 - rule align RCC LPTIM45CLockSelection default value on MP1 is applicable
2020-11-02 22:13:53,599 [INFO] Rule:211 - rule Rename DCMI PIXCK signal is applicable
2020-11-02 22:13:53,599 [INFO] Rule:211 - rule Change Default Value for I2C46CLockSelection MP1 family is applicable
2020-11-02 22:13:53,599 [INFO] Rule:211 - rule Change Default Value for UART for G4, G0 and WB families is applicable
2020-11-02 22:13:53,599 [INFO] Rule:211 - rule Change Default Value for USART for G4, G0 and WB families is applicable
2020-11-02 22:13:53,599 [INFO] Rule:211 - rule Change Default Value for USART for G4 family is applicable
2020-11-02 22:13:53,599 [INFO] Rule:211 - rule Change USART1CLockSelection refparam name for MP1 is applicable
2020-11-02 22:13:53,599 [INFO] Rule:211 - rule Change USART2CLockSelection refparam name for MP1 is applicable
2020-11-02 22:13:53,599 [INFO] Rule:211 - rule Change USART3CLockSelection refparam name for MP1 is applicable
2020-11-02 22:13:53,599 [INFO] Rule:211 - rule Change UART4CLockSelection refparam name for MP1 is applicable
2020-11-02 22:13:53,599 [INFO] Rule:211 - rule Change UART5CLockSelection refparam name for MP1 is applicable
2020-11-02 22:13:53,599 [INFO] Rule:211 - rule Change LPUART1CLockSelection refparam name for MP1 is applicable
2020-11-02 22:13:53,599 [INFO] Rule:211 - rule Change LPTIM1CLockSelection refparam name for MP1 is applicable
2020-11-02 22:13:53,599 [INFO] Rule:211 - rule Change LPTIM2CLockSelection refparam name for MP1 is applicable
2020-11-02 22:13:53,599 [INFO] Rule:211 - rule Change RCC_MCO1Source refparam name for MP1 is applicable
2020-11-02 22:13:53,599 [INFO] Rule:211 - rule Change LSCOSource1 refparam name for MP1 is applicable
2020-11-02 22:13:53,599 [INFO] Rule:211 - rule Change SMPSCLockSelection refparam name for MP1 is applicable
2020-11-02 22:13:53,599 [INFO] Rule:211 - rule Change LPTIM3CLockSelection refparam name for MP1 is applicable
2020-11-02 22:13:53,599 [INFO] Rule:211 - rule Change MPCBB* Default Template Mode to Parameters is applicable
2020-11-02 22:13:53,599 [INFO] Rule:211 - rule Change MPCWM* or MPCBB* Secure Mode to Parameters is applicable
2020-11-02 22:13:53,599 [INFO] Rule:211 - rule Change MPCWM* or MPCBB* No Secure Mode to Parameters is applicable
2020-11-02 22:13:53,599 [INFO] Rule:211 - rule Change TZSC IP Secure Mode to Parameters is applicable
2020-11-02 22:13:53,599 [INFO] Rule:211 - rule Change TZSC IP No Secure Mode to Parameters is applicable
2020-11-02 22:13:53,599 [INFO] Rule:211 - rule Change TZSC IP Privilege Mode to Parameters is applicable
2020-11-02 22:13:53,599 [INFO] Rule:211 - rule Change TZSC IP No Privilege Mode to Parameters is applicable
2020-11-02 22:13:53,599 [INFO] Rule:211 - rule Change TZIC IT Secure Mode to Parameters is applicable
2020-11-02 22:13:53,599 [INFO] Rule:211 - rule Change TZIC IT No Secure Mode to Parameters is applicable
2020-11-02 22:13:53,599 [INFO] Rule:211 - rule Add MPCBB1_NonSecureArea_Start_Address value with referenced to MPCBB1_NonSecureArea_Start value is applicable
2020-11-02 22:13:53,599 [INFO] Rule:211 - rule Add MPCBB2_NonSecureArea_Start_Address value with referenced to MPCBB2_NonSecureArea_Start value is applicable
2020-11-02 22:13:53,599 [INFO] Rule:211 - rule Add MPCWM1_NonSecureArea*_Start_Address value with referenced to MPCWM1_NonSecureArea*_Start value is applicable
2020-11-02 22:13:53,599 [INFO] Rule:211 - rule Add MPCWM2_NonSecureArea*_Start_Address value with referenced to MPCWM2_NonSecureArea*_Start value is applicable
2020-11-02 22:13:53,599 [INFO] Rule:211 - rule Add MPCWM3_NonSecureArea_Start_Address value with referenced to MPCWM3_NonSecureArea_Start value is applicable
2020-11-02 22:13:53,599 [INFO] Rule:211 - rule Change Default Value for PLL1UserDefinedConfig is applicable
2020-11-02 22:13:53,599 [INFO] Rule:211 - rule Change GPIO_PuPd Default Value for USART in async mode is applicable
2020-11-02 22:13:53,599 [INFO] Rule:211 - rule Change SMPSDivider Default Value is applicable
2020-11-02 22:13:53,614 [INFO] Rule:211 - rule OPAMP is applicable
2020-11-02 22:13:53,614 [INFO] DbConfProperties:294 - Apply Compatibility (21/142 Rules)
2020-11-02 22:13:53,724 [INFO] ImportTextPane:162 - (OptionalMessage_ERROR) Unable to find key (Mcu.ThirdPartyNb) in loaded IOC file
2020-11-02 22:13:54,052 [WARN] ApiManager:274 - Cannot register API 'Board Extension:IKS01A3' from pack STMicroelectronics.X-CUBE-MEMS1.8.1.1: no header file found
2020-11-02 22:13:54,052 [WARN] ApiManager:274 - Cannot register API 'Board Extension:IKS01A2' from pack STMicroelectronics.X-CUBE-MEMS1.8.1.1: no header file found
2020-11-02 22:13:54,052 [WARN] ApiManager:274 - Cannot register API 'Board Extension:IKS02A1' from pack STMicroelectronics.X-CUBE-MEMS1.8.1.1: no header file found
2020-11-02 22:13:54,052 [INFO] DependencyParser:915 - This component is not compatible with the current MCU : [1603820069137]
2020-11-02 22:13:54,052 [INFO] ThirdPartyModel:556 - Component with status : MCU_INCOMPATIBLE for condition : GFX01M1_Condition id : 1603820069122
2020-11-02 22:13:54,067 [INFO] DependencyParser:915 - This component is not compatible with the current MCU : [1603820069137]
2020-11-02 22:13:54,067 [INFO] ThirdPartyModel:556 - Component with status : MCU_INCOMPATIBLE for condition : GFX01M1_HelloWorld_Condition id : 1603820069124
2020-11-02 22:13:54,067 [INFO] RtosManager:456 - Registered RTOS mode: class=CMSIS, group=RTOS, mode=CMSIS_V1, owner=FREERTOS
2020-11-02 22:13:54,067 [INFO] RtosManager:456 - Registered RTOS mode: class=CMSIS, group=RTOS2, mode=CMSIS_V2, owner=FREERTOS
2020-11-02 22:13:54,067 [INFO] RtosManager:456 - Registered RTOS mode: class=RTOS, group=Core, mode=CMSIS_V1, owner=FREERTOS
2020-11-02 22:13:54,067 [INFO] RtosManager:456 - Registered RTOS mode: class=RTOS, group=Core, mode=CMSIS_V2, owner=FREERTOS
2020-11-02 22:13:54,067 [WARN] ModelIntegratedComponent:188 - Missing modes for component 1603820091196
2020-11-02 22:13:54,067 [WARN] ApiManager:274 - Cannot register API 'Board Extension:GNSS1A1' from pack STMicroelectronics.X-CUBE-GNSS1.5.0.0: no header file found
2020-11-02 22:13:54,067 [WARN] ApiManager:274 - Cannot register API 'Board Support:Custom' from pack STMicroelectronics.X-CUBE-GNSS1.5.0.0: no header file found
2020-11-02 22:13:54,083 [WARN] ApiManager:274 - Cannot register API 'Data Exchange:lib_gnss' from pack STMicroelectronics.X-CUBE-GNSS1.5.0.0: no header file found
2020-11-02 22:13:54,083 [WARN] ApiManager:274 - Cannot register API 'Board Extension:S2868A1' from pack STMicroelectronics.X-CUBE-SUBG2.2.0.0: no header file found
2020-11-02 22:13:54,083 [WARN] ApiManager:274 - Cannot register API 'Board Extension:S2868A2' from pack STMicroelectronics.X-CUBE-SUBG2.2.0.0: no header file found
2020-11-02 22:13:54,083 [WARN] ApiManager:274 - Cannot register API 'Board Extension:S2915A1' from pack STMicroelectronics.X-CUBE-SUBG2.2.0.0: no header file found
2020-11-02 22:13:54,083 [WARN] ApiManager:274 - Cannot register API 'Wireless:BlueNRG-MS' from pack STMicroelectronics.X-CUBE-BLE1.6.0.0: no header file found
2020-11-02 22:13:54,083 [WARN] ApiManager:274 - Cannot register API 'Wireless:BlueNRG-2' from pack STMicroelectronics.X-CUBE-BLE2.3.0.0: no header file found
2020-11-02 22:13:54,411 [INFO] ImportTextPane:162 - (OptionalMessage_ERROR) IP (RCC) : Parameter (ADCFreqValue) has invalid value (32000000)
2020-11-02 22:13:54,411 [INFO] ImportTextPane:162 - (OptionalMessage_ERROR) IP (RCC) : Invalid parameter (FamilyName)
2020-11-02 22:13:54,411 [INFO] ImportTextPane:162 - (OptionalMessage_ERROR) IP (RCC) : Parameter (MCOFreq_Value) has invalid value (64000000)
2020-11-02 22:13:54,411 [INFO] ImportTextPane:162 - (OptionalMessage_ERROR) IP (RCC) : Parameter (USBFreq_Value) has invalid value (64000000)
2020-11-02 22:13:56,067 [INFO] UtilMem:74 - End LoadConfig() Used Memory: 392735880 Bytes (701497344)
2020-11-02 22:13:56,067 [WARN] ThirdParty:741 - waiting for thirdparty lock release [change project]
2020-11-02 22:13:56,067 [INFO] ThirdParty:743 - entering critical section [change project]
2020-11-02 22:13:56,067 [INFO] ThirdParty:968 - CMSIS Pack Vendor :STMicroelectronics X-CUBE-MEMS1 8.1.1
2020-11-02 22:13:56,067 [INFO] ThirdParty:968 - CMSIS Pack Vendor :STMicroelectronics USB_HOST 2.0.0
2020-11-02 22:13:56,067 [INFO] ThirdParty:968 - CMSIS Pack Vendor :STMicroelectronics X-CUBE-DISPLAY 1.0.0
2020-11-02 22:13:56,067 [INFO] ThirdParty:968 - CMSIS Pack Vendor :STMicroelectronics FreeRTOS 0.0.1
2020-11-02 22:13:56,067 [INFO] ThirdParty:968 - CMSIS Pack Vendor :STMicroelectronics USB_DEVICE 1.0.0
2020-11-02 22:13:56,067 [INFO] ThirdParty:968 - CMSIS Pack Vendor :STMicroelectronics X-CUBE-ALGOBUILD 1.1.0
2020-11-02 22:13:56,067 [INFO] ThirdParty:968 - CMSIS Pack Vendor :STMicroelectronics USB_DEVICE 3.0.0
2020-11-02 22:13:56,067 [INFO] ThirdParty:968 - CMSIS Pack Vendor :STMicroelectronics X-CUBE-GNSS1 5.0.0
2020-11-02 22:13:56,067 [INFO] ThirdParty:968 - CMSIS Pack Vendor :STMicroelectronics X-CUBE-SUBG2 2.0.0
2020-11-02 22:13:56,067 [INFO] ThirdParty:968 - CMSIS Pack Vendor :STMicroelectronics MBEDTLS 2.16.2
2020-11-02 22:13:56,067 [INFO] ThirdParty:968 - CMSIS Pack Vendor :STMicroelectronics X-CUBE-BLE1 6.0.0
2020-11-02 22:13:56,067 [INFO] ThirdParty:968 - CMSIS Pack Vendor :STMicroelectronics lwIP 2.0.3
2020-11-02 22:13:56,067 [INFO] ThirdParty:968 - CMSIS Pack Vendor :STMicroelectronics lwIP 2.1.2
2020-11-02 22:13:56,067 [INFO] ThirdParty:968 - CMSIS Pack Vendor :STMicroelectronics MBEDTLS 2.14.1
2020-11-02 22:13:56,067 [INFO] ThirdParty:968 - CMSIS Pack Vendor :STMicroelectronics X-CUBE-TOUCHGFX 4.15.0
2020-11-02 22:13:56,067 [INFO] ThirdParty:968 - CMSIS Pack Vendor :STMicroelectronics USB_HOST 1.0.0
2020-11-02 22:13:56,067 [INFO] ThirdParty:968 - CMSIS Pack Vendor :STMicroelectronics X-CUBE-AI 5.2.0
2020-11-02 22:13:56,067 [INFO] ThirdParty:968 - CMSIS Pack Vendor :STMicroelectronics X-CUBE-BLE2 3.0.0
2020-11-02 22:13:56,067 [INFO] ThirdParty:968 - CMSIS Pack Vendor :STMicroelectronics X-CUBE-NFC4 2.0.0
2020-11-02 22:13:56,067 [INFO] ThirdParty:968 - CMSIS Pack Vendor :STMicroelectronics PDM2PCM 3.1.0
2020-11-02 22:13:56,067 [INFO] ThirdParty:968 - CMSIS Pack Vendor :STMicroelectronics PDM2PCM 3.2.0
2020-11-02 22:13:56,067 [INFO] ThirdParty:968 - CMSIS Pack Vendor :STMicroelectronics USB_DEVICE 2.0.0
2020-11-02 22:13:56,067 [INFO] ThirdParty:968 - CMSIS Pack Vendor :STMicroelectronics PDM2PCM 3.3.0
2020-11-02 22:13:56,067 [INFO] ThirdParty:749 - exiting critical section [change project]
2020-11-02 22:13:56,880 [INFO] PinOutPanel:1418 - setPackage(No Configuration,No Configuration)
2020-11-02 22:13:56,880 [INFO] PinOutPanel:1418 - setPackage(STM32F103RBTx,LQFP64)
2020-11-02 22:13:58,286 [INFO] UtilMem:74 - Before build in PCC Used Memory: 375798944 Bytes (701497344)
2020-11-02 22:14:00,083 [INFO] SharedServices:71 - Folder for power plug-in: C:/Users/baseo/.stm32cubemx/plugins/power
2020-11-02 22:14:00,270 [INFO] SharedServices:71 - Folder for power plug-in: C:/Users/baseo/.stm32cubemx/plugins/power
2020-11-02 22:14:00,411 [INFO] SharedServices:71 - Folder for power plug-in: C:/Users/baseo/.stm32cubemx/plugins/power
2020-11-02 22:14:00,442 [INFO] SharedServices:71 - Folder for power plug-in: C:/Users/baseo/.stm32cubemx/plugins/power
2020-11-02 22:14:00,974 [INFO] UtilMem:74 - After build in PCC Used Memory: 428227744 Bytes (701497344)
2020-11-02 22:14:01,083 [INFO] IPUIPlugin:64 - create IPUIPlugin
2020-11-02 22:14:01,083 [INFO] IPUIPlugin:64 - create IPUIPlugin
2020-11-02 22:14:01,083 [INFO] IPUIPlugin:64 - create IPUIPlugin
2020-11-02 22:14:01,083 [INFO] IPUIPlugin:64 - create IPUIPlugin
2020-11-02 22:14:01,083 [INFO] IPUIPlugin:64 - create IPUIPlugin
2020-11-02 22:14:01,083 [INFO] IPUIPlugin:64 - create IPUIPlugin
2020-11-02 22:14:01,083 [INFO] IPUIPlugin:64 - create IPUIPlugin
2020-11-02 22:14:01,083 [INFO] IPUIPlugin:64 - create IPUIPlugin
2020-11-02 22:14:01,083 [INFO] IPUIPlugin:64 - create IPUIPlugin
2020-11-02 22:14:01,083 [INFO] IPUIPlugin:64 - create IPUIPlugin
2020-11-02 22:14:01,083 [INFO] IPUIPlugin:64 - create IPUIPlugin
2020-11-02 22:14:01,083 [INFO] IPUIPlugin:64 - create IPUIPlugin
2020-11-02 22:14:01,083 [INFO] IPUIPlugin:64 - create IPUIPlugin
2020-11-02 22:14:01,083 [INFO] IPUIPlugin:64 - create IPUIPlugin
2020-11-02 22:14:01,083 [INFO] IPUIPlugin:64 - create IPUIPlugin
2020-11-02 22:14:01,099 [INFO] IPUIPlugin:64 - create IPUIPlugin
2020-11-02 22:14:01,099 [INFO] IPUIPlugin:64 - create IPUIPlugin
2020-11-02 22:14:01,099 [INFO] IPUIPlugin:64 - create IPUIPlugin
2020-11-02 22:14:01,099 [INFO] IPUIPlugin:64 - create IPUIPlugin
2020-11-02 22:14:01,099 [INFO] IPUIPlugin:64 - create IPUIPlugin
2020-11-02 22:14:01,099 [INFO] IPUIPlugin:64 - create IPUIPlugin
2020-11-02 22:14:01,099 [INFO] IPUIPlugin:64 - create IPUIPlugin
2020-11-02 22:14:01,099 [INFO] IPUIPlugin:64 - create IPUIPlugin
2020-11-02 22:14:01,099 [INFO] IPUIPlugin:64 - create IPUIPlugin
2020-11-02 22:14:01,099 [INFO] IPUIPlugin:64 - create IPUIPlugin
2020-11-02 22:14:01,099 [INFO] IPUIPlugin:64 - create IPUIPlugin
2020-11-02 22:14:01,114 [INFO] IPUIPlugin:64 - create IPUIPlugin
2020-11-02 22:14:01,239 [INFO] LogOutputStream:76 - [STDOUT_REDIRECT] toolchainItems.length=====1
2020-11-02 22:14:01,802 [INFO] OpenFileManager:294 - Restore cursor
2020-11-02 22:14:02,677 [INFO] UtilMem:74 - End SaveConfig() Used Memory: 482920856 Bytes (701497344)
2020-11-02 22:14:02,895 [INFO] UtilMem:74 - End SaveConfig() Used Memory: 488163736 Bytes (701497344)
2020-11-02 22:14:03,989 [INFO] BlockDiagram:2729 - set Specific Code input for plugin: NVIC
2020-11-02 22:14:03,989 [INFO] BlockDiagram:2729 - set Specific Code input for plugin: USART
2020-11-02 22:14:03,989 [INFO] BlockDiagram:2729 - set Specific Code input for plugin: SYS
2020-11-02 22:14:03,989 [INFO] BlockDiagram:2729 - set Specific Code input for plugin: GPIO
2020-11-02 22:14:03,989 [INFO] BlockDiagram:2729 - set Specific Code input for plugin: RCC
2020-11-02 22:14:03,989 [INFO] CodeGenerator:622 - code generatio: config db path: C:\ST\STM32CubeIDE_1.4.0\STM32CubeIDE\plugins\com.st.stm32cube.common.mx_6.0.0.202007160824\\db\
2020-11-02 22:14:04,974 [INFO] CodeEngine:188 - oldGeneratedFile, C:\Users\baseo\git\stm32f103rbt6\blinking_led_auto\MXTmpFiles\license.tmp_save
2020-11-02 22:14:07,036 [INFO] CodeEngine:206 - Generated code: C:\Users\baseo\git\stm32f103rbt6\blinking_led_auto\MXTmpFiles\license.tmp
2020-11-02 22:14:07,505 [INFO] CodeEngine:188 - oldGeneratedFile, C:\Users\baseo\git\stm32f103rbt6\blinking_led_auto\MXTmpFiles\gpio.tmp_save
2020-11-02 22:14:07,849 [INFO] CodeEngine:206 - Generated code: C:\Users\baseo\git\stm32f103rbt6\blinking_led_auto\MXTmpFiles\gpio.tmp
2020-11-02 22:14:08,177 [INFO] LogOutputStream:76 - [STDOUT_REDIRECT] Command line
2020-11-02 22:14:08,302 [INFO] CodeEngine:188 - oldGeneratedFile, C:\Users\baseo\git\stm32f103rbt6\blinking_led_auto\Core\Src\stm32f1xx_it.c_save
2020-11-02 22:14:08,755 [INFO] CodeEngine:206 - Generated code: C:\Users\baseo\git\stm32f103rbt6\blinking_led_auto\Core\Src\stm32f1xx_it.c
2020-11-02 22:14:08,864 [INFO] CodeEngine:188 - oldGeneratedFile, C:\Users\baseo\git\stm32f103rbt6\blinking_led_auto\Core\Inc\stm32f1xx_it.h_save
2020-11-02 22:14:09,052 [INFO] CodeEngine:206 - Generated code: C:\Users\baseo\git\stm32f103rbt6\blinking_led_auto\Core\Inc\stm32f1xx_it.h
2020-11-02 22:14:09,224 [INFO] CodeEngine:188 - oldGeneratedFile, C:\Users\baseo\git\stm32f103rbt6\blinking_led_auto\Core\Src\stm32f1xx_hal_msp.c_save
2020-11-02 22:14:10,161 [INFO] CodeEngine:206 - Generated code: C:\Users\baseo\git\stm32f103rbt6\blinking_led_auto\Core\Src\stm32f1xx_hal_msp.c
2020-11-02 22:14:10,255 [INFO] CodeEngine:188 - oldGeneratedFile, C:\Users\baseo\git\stm32f103rbt6\blinking_led_auto\MXTmpFiles\system.tmp_save
2020-11-02 22:14:10,427 [INFO] CodeEngine:206 - Generated code: C:\Users\baseo\git\stm32f103rbt6\blinking_led_auto\MXTmpFiles\system.tmp
2020-11-02 22:14:10,520 [INFO] CodeEngine:188 - oldGeneratedFile, C:\Users\baseo\git\stm32f103rbt6\blinking_led_auto\Core\Inc\stm32f1xx_hal_conf.h_save
2020-11-02 22:14:10,786 [INFO] CodeEngine:206 - Generated code: C:\Users\baseo\git\stm32f103rbt6\blinking_led_auto\Core\Inc\stm32f1xx_hal_conf.h
2020-11-02 22:14:10,864 [WARN] IPConfigManager:2884 - IP not found : gpio
2020-11-02 22:14:10,880 [WARN] CodeGenerator:2866 - IP not found : gpio
2020-11-02 22:14:10,974 [INFO] CodeEngine:188 - oldGeneratedFile, C:\Users\baseo\git\stm32f103rbt6\blinking_led_auto\Core\Inc\main.h_save
2020-11-02 22:14:11,380 [INFO] CodeEngine:206 - Generated code: C:\Users\baseo\git\stm32f103rbt6\blinking_led_auto\Core\Inc\main.h
2020-11-02 22:14:11,489 [INFO] CodeEngine:188 - oldGeneratedFile, C:\Users\baseo\git\stm32f103rbt6\blinking_led_auto\Core\Src\main.c_save
2020-11-02 22:14:12,286 [INFO] CodeEngine:206 - Generated code: C:\Users\baseo\git\stm32f103rbt6\blinking_led_auto\Core\Src\main.c
2020-11-02 22:14:15,567 [INFO] ProjectBuilder:2168 - Time for Copy HAL[1] : 1031mS.
2020-11-02 22:14:15,583 [INFO] ProjectBuilder:2988 - Project Generator version: 3.10.0-B14
2020-11-02 22:14:17,067 [INFO] ConfigFileManager:1183 - The Die is : DIE410
2020-11-02 22:14:17,114 [INFO] ApiDbMcu:456 - Load IP Config File for FATFS
2020-11-02 22:14:17,130 [INFO] ApiDbMcu:456 - Load IP Config File for FREERTOS
2020-11-02 22:14:17,177 [INFO] ApiDbMcu:456 - Load IP Config File for USB_DEVICE
2020-11-02 22:14:39,520 [ERROR] root:96 - SUCCESS
2020-11-02 22:14:39,708 [INFO] ProjectBuilder:3155 - Time for Generating toolchain IDE Files: 24125mS.
2020-11-02 22:14:39,708 [INFO] ProjectBuilder:2044 - Time for Copy CMSIS : 0mS.
2020-11-02 22:14:39,724 [INFO] ProjectBuilder:2044 - Time for Copy CMSIS : 0mS.
2020-11-02 22:14:41,380 [INFO] ApiDb:226 - Save user favorites file C:\Users\baseo/.stm32cubeide/favorites.mcus.txt: 0 item(s)
2020-11-02 22:14:41,458 [INFO] ApiDb:230 - User favorites MCUs=[]
2020-11-02 22:14:41,458 [INFO] ApiDb:226 - Save user favorites file C:\Users\baseo/.stm32cubeide/favorites.boards.txt: 1 item(s)
2020-11-02 22:14:41,474 [INFO] ApiDb:230 - User favorites Boards=[NUCLEO-F103RB]
2020-11-03 00:10:52,667 [INFO] Activator:178 - 


2020-11-03 00:10:52,676 [INFO] Activator:179 - !SESSION log4j initialized
